Info: Nothing to build for 15-1
01:51:23 **** Incremental Build of configuration Debug for project 15-1 ****
Info: Internal Builder is used for build
gcc -O0 -g3 -Wall -c -fmessage-length=0 -o "src\\15-1.o" "..\\src\\15-1.c" 
..\src\15-1.c: In function 'ordenar':
..\src\15-1.c:88:20: warning: passing argument 1 of 'swap' from incompatible pointer type [-Wincompatible-pointer-types]
   88 |     if ( -1==swap( *(arrayPointer+i), *(arrayPointer+j) ) )
      |                    ^~~~~~~~~~~~~~~~~
      |                    |
      |                    int *
In file included from ..\src\15-1.c:20:
..\src\personalio.h:234:18: note: expected 'void **' but argument is of type 'int *'
  234 | int swap( void** punteroA, void** punteroB );
      |           ~~~~~~~^~~~~~~~
..\src\15-1.c:88:39: warning: passing argument 2 of 'swap' from incompatible pointer type [-Wincompatible-pointer-types]
   88 |     if ( -1==swap( *(arrayPointer+i), *(arrayPointer+j) ) )
      |                                       ^~~~~~~~~~~~~~~~~
      |                                       |
      |                                       int *
In file included from ..\src\15-1.c:20:
..\src\personalio.h:234:35: note: expected 'void **' but argument is of type 'int *'
  234 | int swap( void** punteroA, void** punteroB );
      |                            ~~~~~~~^~~~~~~~
gcc -o 15-1.exe "src\\15-1.o" "src\\personalio.o" 
